<?xml version="1.0" encoding="UTF-8"?>
<!-- Generated by org.testng.reporters.JUnitXMLReporter -->
<testsuite hostname="DESKTOP-GDF5D83" name="Test_manas" tests="10" failures="0" timestamp="16 Apr 2020 04:58:17 GMT" time="0.09" errors="0">
  <testcase name="method1" time="0.036" classname="Testng.Testcase_one"/>
  <testcase name="method2" time="0.001" classname="Testng.Testcase_one"/>
  <testcase name="method3" time="0.0" classname="Testng.Testcase_one"/>
  <testcase name="method4" time="0.0" classname="Testng.Testcase_one"/>
  <testcase name="method10" time="0.001" classname="Testng.Testcase_two"/>
  <testcase name="method11" time="0.0" classname="Testng.Testcase_two"/>
  <testcase name="method12" time="0.001" classname="Testng.Testcase_two"/>
  <testcase name="method6" time="0.001" classname="Testng.Testcase_three"/>
  <testcase name="method7" time="0.001" classname="Testng.Testcase_three"/>
  <testcase name="method8" time="0.0" classname="Testng.Testcase_three"/>
</testsuite> <!-- Test_manas -->
