<?xml version="1.0" encoding="UTF-8"?>
<testng-results skipped="0" failed="0" total="2" passed="2">
  <reporter-output>
  </reporter-output>
  <suite name="Default suite" duration-ms="114445" started-at="2020-02-13T06:22:28Z" finished-at="2020-02-13T06:24:22Z">
    <groups>
    </groups>
    <test name="Default test" duration-ms="114445" started-at="2020-02-13T06:22:28Z" finished-at="2020-02-13T06:24:22Z">
      <class name="restassuredMukesh.TC1">
        <test-method status="PASS" signature="getRequest()[pri:0, instance:restassuredMukesh.TC1@25d250c6]" name="getRequest" duration-ms="103606" started-at="2020-02-13T11:52:28Z" finished-at="2020-02-13T11:54:11Z">
          <reporter-output>
          </reporter-output>
        </test-method> <!-- getRequest -->
        <test-method status="PASS" signature="testbody()[pri:1, instance:restassuredMukesh.TC1@25d250c6]" name="testbody" duration-ms="2387" started-at="2020-02-13T11:54:18Z" finished-at="2020-02-13T11:54:21Z">
          <reporter-output>
          </reporter-output>
        </test-method> <!-- testbody -->
      </class> <!-- restassuredMukesh.TC1 -->
    </test> <!-- Default test -->
  </suite> <!-- Default suite -->
</testng-results>
