<?xml version="1.0" encoding="UTF-8"?>
<testng-results skipped="0" failed="0" total="1" passed="1">
  <reporter-output>
  </reporter-output>
  <suite name="Default suite" duration-ms="70568" started-at="2020-04-16T10:38:37Z" finished-at="2020-04-16T10:39:48Z">
    <groups>
    </groups>
    <test name="Default test" duration-ms="70568" started-at="2020-04-16T10:38:37Z" finished-at="2020-04-16T10:39:48Z">
      <class name="Testng2.Snippet">
        <test-method status="PASS" signature="method()[pri:0, instance:Testng2.Snippet@2ff4f00f]" name="method" duration-ms="70547" started-at="2020-04-16T16:08:37Z" finished-at="2020-04-16T16:09:48Z">
          <reporter-output>
          </reporter-output>
        </test-method> <!-- method -->
      </class> <!-- Testng2.Snippet -->
    </test> <!-- Default test -->
  </suite> <!-- Default suite -->
</testng-results>
